<?xml version="1.0" encoding="UTF-8"?>
<!-- Generated by org.testng.reporters.JUnitXMLReporter -->
<testsuite hostname="khichu" name="Smoke Tests" tests="2" failures="1" timestamp="30 Aug 2020 18:23:04 GMT" time="15.577" errors="0">
  <testcase name="verifyLoginSuccessfulForValidCrd" time="5.224" classname="com.automation.tests.OrangeHRMTestNG">
    <failure type="java.lang.NullPointerException">
      <![CDATA[java.lang.NullPointerException
	at org.openqa.selenium.support.ui.ExpectedConditions.elementIfVisible(ExpectedConditions.java:302)
	at org.openqa.selenium.support.ui.ExpectedConditions.access$100(ExpectedConditions.java:44)
	at org.openqa.selenium.support.ui.ExpectedConditions$10.apply(ExpectedConditions.java:288)
	at org.openqa.selenium.support.ui.ExpectedConditions$10.apply(ExpectedConditions.java:285)
	at org.openqa.selenium.support.ui.FluentWait.until(FluentWait.java:209)
	at com.automation.pages.HomePage.verifyLogo(HomePage.java:23)
	at com.automation.tests.OrangeHRMTestNG.verifyLoginSuccessfulForValidCrd(OrangeHRMTestNG.java:46)
... Removed 28 stack frames]]>
    </failure>
  </testcase> <!-- verifyLoginSuccessfulForValidCrd -->
  <testcase name="test1" time="0.0" classname="com.automation.tests.TestNGMethods"/>
</testsuite> <!-- Smoke Tests -->
