<?xml version="1.0" encoding="UTF-8"?>
<testng-results skipped="0" failed="1" total="2" passed="1">
  <reporter-output>
  </reporter-output>
  <suite name="Smoke Suite" duration-ms="15577" started-at="2020-08-30T18:22:48Z" finished-at="2020-08-30T18:23:04Z">
    <groups>
      <group name="smoke">
        <method signature="OrangeHRMTestNG.verifyLoginSuccessfulForValidCrd()[pri:0, instance:com.automation.tests.OrangeHRMTestNG@176d53b2]" name="verifyLoginSuccessfulForValidCrd" class="com.automation.tests.OrangeHRMTestNG"/>
        <method signature="TestNGMethods.test1()[pri:0, instance:com.automation.tests.TestNGMethods@971d0d8]" name="test1" class="com.automation.tests.TestNGMethods"/>
      </group> <!-- smoke -->
      <group name="login">
        <method signature="OrangeHRMTestNG.verifyLoginSuccessfulForValidCrd()[pri:0, instance:com.automation.tests.OrangeHRMTestNG@176d53b2]" name="verifyLoginSuccessfulForValidCrd" class="com.automation.tests.OrangeHRMTestNG"/>
      </group> <!-- login -->
      <group name="wip">
        <method signature="OrangeHRMTestNG.verifyLoginSuccessfulForValidCrd()[pri:0, instance:com.automation.tests.OrangeHRMTestNG@176d53b2]" name="verifyLoginSuccessfulForValidCrd" class="com.automation.tests.OrangeHRMTestNG"/>
      </group> <!-- wip -->
    </groups>
    <test name="Smoke Tests" duration-ms="15577" started-at="2020-08-30T18:22:48Z" finished-at="2020-08-30T18:23:04Z">
      <class name="com.automation.tests.TestNGMethods">
        <test-method status="PASS" signature="setUp()[pri:0, instance:com.automation.tests.TestNGMethods@971d0d8]" name="setUp" is-config="true" duration-ms="1" started-at="2020-08-30T23:53:04Z" finished-at="2020-08-30T23:53:04Z">
          <reporter-output>
          </reporter-output>
        </test-method> <!-- setUp -->
        <test-method status="PASS" signature="cleanUp()[pri:0, instance:com.automation.tests.TestNGMethods@971d0d8]" name="cleanUp" is-config="true" duration-ms="0" started-at="2020-08-30T23:53:04Z" finished-at="2020-08-30T23:53:04Z">
          <reporter-output>
          </reporter-output>
        </test-method> <!-- cleanUp -->
        <test-method status="PASS" signature="test1()[pri:0, instance:com.automation.tests.TestNGMethods@971d0d8]" name="test1" duration-ms="0" started-at="2020-08-30T23:53:04Z" finished-at="2020-08-30T23:53:04Z">
          <reporter-output>
          </reporter-output>
        </test-method> <!-- test1 -->
      </class> <!-- com.automation.tests.TestNGMethods -->
      <class name="com.automation.tests.OrangeHRMTestNG">
        <test-method status="PASS" signature="setUp()[pri:0, instance:com.automation.tests.OrangeHRMTestNG@176d53b2]" name="setUp" is-config="true" duration-ms="9093" started-at="2020-08-30T23:52:48Z" finished-at="2020-08-30T23:52:58Z">
          <reporter-output>
          </reporter-output>
        </test-method> <!-- setUp -->
        <test-method status="FAIL" signature="verifyLoginSuccessfulForValidCrd()[pri:0, instance:com.automation.tests.OrangeHRMTestNG@176d53b2]" name="verifyLoginSuccessfulForValidCrd" duration-ms="5224" started-at="2020-08-30T23:52:58Z" finished-at="2020-08-30T23:53:03Z">
          <exception class="java.lang.NullPointerException">
            <full-stacktrace>
              <![CDATA[java.lang.NullPointerException
	at org.openqa.selenium.support.ui.ExpectedConditions.elementIfVisible(ExpectedConditions.java:302)
	at org.openqa.selenium.support.ui.ExpectedConditions.access$100(ExpectedConditions.java:44)
	at org.openqa.selenium.support.ui.ExpectedConditions$10.apply(ExpectedConditions.java:288)
	at org.openqa.selenium.support.ui.ExpectedConditions$10.apply(ExpectedConditions.java:285)
	at org.openqa.selenium.support.ui.FluentWait.until(FluentWait.java:209)
	at com.automation.pages.HomePage.verifyLogo(HomePage.java:23)
	at com.automation.tests.OrangeHRMTestNG.verifyLoginSuccessfulForValidCrd(OrangeHRMTestNG.java:46)
	at sun.reflect.NativeMethodAccessorImpl.invoke0(Native Method)
	at sun.reflect.NativeMethodAccessorImpl.invoke(Unknown Source)
	at sun.reflect.DelegatingMethodAccessorImpl.invoke(Unknown Source)
	at java.lang.reflect.Method.invoke(Unknown Source)
	at org.testng.internal.MethodInvocationHelper.invokeMethod(MethodInvocationHelper.java:86)
	at org.testng.internal.Invoker.invokeMethod(Invoker.java:643)
	at org.testng.internal.Invoker.invokeTestMethod(Invoker.java:820)
	at org.testng.internal.Invoker.invokeTestMethods(Invoker.java:1128)
	at org.testng.internal.TestMethodWorker.invokeTestMethods(TestMethodWorker.java:129)
	at org.testng.internal.TestMethodWorker.run(TestMethodWorker.java:112)
	at org.testng.TestRunner.privateRun(TestRunner.java:782)
	at org.testng.TestRunner.run(TestRunner.java:632)
	at org.testng.SuiteRunner.runTest(SuiteRunner.java:366)
	at org.testng.SuiteRunner.runSequentially(SuiteRunner.java:361)
	at org.testng.SuiteRunner.privateRun(SuiteRunner.java:319)
	at org.testng.SuiteRunner.run(SuiteRunner.java:268)
	at org.testng.SuiteRunnerWorker.runSuite(SuiteRunnerWorker.java:52)
	at org.testng.SuiteRunnerWorker.run(SuiteRunnerWorker.java:86)
	at org.testng.TestNG.runSuitesSequentially(TestNG.java:1244)
	at org.testng.TestNG.runSuitesLocally(TestNG.java:1169)
	at org.testng.TestNG.run(TestNG.java:1064)
	at org.apache.maven.surefire.testng.TestNGExecutor.run(TestNGExecutor.java:284)
	at org.apache.maven.surefire.testng.TestNGXmlTestSuite.execute(TestNGXmlTestSuite.java:75)
	at org.apache.maven.surefire.testng.TestNGProvider.invoke(TestNGProvider.java:119)
	at org.apache.maven.surefire.booter.ForkedBooter.runSuitesInProcess(ForkedBooter.java:428)
	at org.apache.maven.surefire.booter.ForkedBooter.execute(ForkedBooter.java:162)
	at org.apache.maven.surefire.booter.ForkedBooter.run(ForkedBooter.java:562)
	at org.apache.maven.surefire.booter.ForkedBooter.main(ForkedBooter.java:548)
]]>
            </full-stacktrace>
          </exception> <!-- java.lang.NullPointerException -->
          <reporter-output>
          </reporter-output>
        </test-method> <!-- verifyLoginSuccessfulForValidCrd -->
        <test-method status="PASS" signature="cleanUp()[pri:0, instance:com.automation.tests.OrangeHRMTestNG@176d53b2]" name="cleanUp" is-config="true" duration-ms="1230" started-at="2020-08-30T23:53:03Z" finished-at="2020-08-30T23:53:04Z">
          <reporter-output>
          </reporter-output>
        </test-method> <!-- cleanUp -->
      </class> <!-- com.automation.tests.OrangeHRMTestNG -->
    </test> <!-- Smoke Tests -->
  </suite> <!-- Smoke Suite -->
</testng-results>
