<?xml version="1.0" encoding="UTF-8"?>
<testng-results skipped="1" failed="0" total="1" passed="0">
  <reporter-output>
  </reporter-output>
  <suite name="Default suite" duration-ms="1836" started-at="2020-09-05T17:48:32Z" finished-at="2020-09-05T17:48:34Z">
    <groups>
    </groups>
    <test name="Default test" duration-ms="1836" started-at="2020-09-05T17:48:32Z" finished-at="2020-09-05T17:48:34Z">
      <class name="com.automation.tests.LoginTest">
        <test-method status="FAIL" signature="setUp()[pri:0, instance:com.automation.tests.LoginTest@343f4d3d]" name="setUp" is-config="true" duration-ms="0" started-at="2020-09-05T23:18:32Z" finished-at="2020-09-05T23:18:32Z">
          <exception class="org.openqa.selenium.WebDriverException">
            <message>
              <![CDATA[unknown error: cannot find Chrome binary
Build info: version: '3.4.0', revision: 'unknown', time: 'unknown'
System info: host: 'KHICHU', ip: '192.168.1.6', os.name: 'Windows 10', os.arch: 'amd64', os.version: '10.0', java.version: '1.8.0_221'
Driver info: driver.version: ChromeDriver
remote stacktrace: Backtrace:
	Ordinal0 [0x00C99563+2725219]
	Ordinal0 [0x00B98551+1672529]
	Ordinal0 [0x00A80359+525145]
	Ordinal0 [0x00A0CA64+51812]
	Ordinal0 [0x00A2CC37+183351]
	Ordinal0 [0x00A2CA3D+182845]
	Ordinal0 [0x00A2A94B+174411]
	Ordinal0 [0x00A12528+75048]
	Ordinal0 [0x00A135A0+79264]
	Ordinal0 [0x00A13539+79161]
	Ordinal0 [0x00BAD607+1758727]
	GetHandleVerifier [0x00DB6546+1050150]
	GetHandleVerifier [0x00DB6291+1049457]
	GetHandleVerifier [0x00DC10D7+1094071]
	GetHandleVerifier [0x00DB6B46+1051686]
	Ordinal0 [0x00BA5B06+1727238]
	Ordinal0 [0x00BAEB7B+1764219]
	Ordinal0 [0x00BAECE3+1764579]
	Ordinal0 [0x00BC4C05+1854469]
	BaseThreadInitThunk [0x76936359+25]
	RtlGetAppContainerNamedObjectPath [0x77447C24+228]
	RtlGetAppContainerNamedObjectPath [0x77447BF4+180]
]]>
            </message>
            <full-stacktrace>
              <![CDATA[org.openqa.selenium.WebDriverException: unknown error: cannot find Chrome binary
Build info: version: '3.4.0', revision: 'unknown', time: 'unknown'
System info: host: 'KHICHU', ip: '192.168.1.6', os.name: 'Windows 10', os.arch: 'amd64', os.version: '10.0', java.version: '1.8.0_221'
Driver info: driver.version: ChromeDriver
remote stacktrace: Backtrace:
	Ordinal0 [0x00C99563+2725219]
	Ordinal0 [0x00B98551+1672529]
	Ordinal0 [0x00A80359+525145]
	Ordinal0 [0x00A0CA64+51812]
	Ordinal0 [0x00A2CC37+183351]
	Ordinal0 [0x00A2CA3D+182845]
	Ordinal0 [0x00A2A94B+174411]
	Ordinal0 [0x00A12528+75048]
	Ordinal0 [0x00A135A0+79264]
	Ordinal0 [0x00A13539+79161]
	Ordinal0 [0x00BAD607+1758727]
	GetHandleVerifier [0x00DB6546+1050150]
	GetHandleVerifier [0x00DB6291+1049457]
	GetHandleVerifier [0x00DC10D7+1094071]
	GetHandleVerifier [0x00DB6B46+1051686]
	Ordinal0 [0x00BA5B06+1727238]
	Ordinal0 [0x00BAEB7B+1764219]
	Ordinal0 [0x00BAECE3+1764579]
	Ordinal0 [0x00BC4C05+1854469]
	BaseThreadInitThunk [0x76936359+25]
	RtlGetAppContainerNamedObjectPath [0x77447C24+228]
	RtlGetAppContainerNamedObjectPath [0x77447BF4+180]

	at sun.reflect.NativeConstructorAccessorImpl.newInstance0(Native Method)
	at sun.reflect.NativeConstructorAccessorImpl.newInstance(Unknown Source)
	at sun.reflect.DelegatingConstructorAccessorImpl.newInstance(Unknown Source)
	at java.lang.reflect.Constructor.newInstance(Unknown Source)
	at org.openqa.selenium.remote.W3CHandshakeResponse.lambda$new$0(W3CHandshakeResponse.java:57)
	at org.openqa.selenium.remote.W3CHandshakeResponse.lambda$getResponseFunction$2(W3CHandshakeResponse.java:104)
	at org.openqa.selenium.remote.ProtocolHandshake.lambda$createSession$22(ProtocolHandshake.java:365)
	at java.util.stream.ReferencePipeline$3$1.accept(Unknown Source)
	at java.util.Spliterators$ArraySpliterator.tryAdvance(Unknown Source)
	at java.util.stream.ReferencePipeline.forEachWithCancel(Unknown Source)
	at java.util.stream.AbstractPipeline.copyIntoWithCancel(Unknown Source)
	at java.util.stream.AbstractPipeline.copyInto(Unknown Source)
	at java.util.stream.AbstractPipeline.wrapAndCopyInto(Unknown Source)
	at java.util.stream.FindOps$FindOp.evaluateSequential(Unknown Source)
	at java.util.stream.AbstractPipeline.evaluate(Unknown Source)
	at java.util.stream.ReferencePipeline.findFirst(Unknown Source)
	at org.openqa.selenium.remote.ProtocolHandshake.createSession(ProtocolHandshake.java:368)
	at org.openqa.selenium.remote.ProtocolHandshake.createSession(ProtocolHandshake.java:159)
	at org.openqa.selenium.remote.HttpCommandExecutor.execute(HttpCommandExecutor.java:142)
	at org.openqa.selenium.remote.service.DriverCommandExecutor.execute(DriverCommandExecutor.java:82)
	at org.openqa.selenium.remote.RemoteWebDriver.execute(RemoteWebDriver.java:637)
	at org.openqa.selenium.remote.RemoteWebDriver.startSession(RemoteWebDriver.java:250)
	at org.openqa.selenium.remote.RemoteWebDriver.startSession(RemoteWebDriver.java:236)
	at org.openqa.selenium.remote.RemoteWebDriver.<init>(RemoteWebDriver.java:137)
	at org.openqa.selenium.chrome.ChromeDriver.<init>(ChromeDriver.java:184)
	at org.openqa.selenium.chrome.ChromeDriver.<init>(ChromeDriver.java:171)
	at org.openqa.selenium.chrome.ChromeDriver.<init>(ChromeDriver.java:124)
	at com.automation.utility.DriverUtils.createDriver(DriverUtils.java:18)
	at com.automation.tests.BaseTest.setUp(BaseTest.java:22)
	at sun.reflect.NativeMethodAccessorImpl.invoke0(Native Method)
	at sun.reflect.NativeMethodAccessorImpl.invoke(Unknown Source)
	at sun.reflect.DelegatingMethodAccessorImpl.invoke(Unknown Source)
	at java.lang.reflect.Method.invoke(Unknown Source)
	at org.testng.internal.MethodInvocationHelper.invokeMethod(MethodInvocationHelper.java:86)
	at org.testng.internal.Invoker.invokeConfigurationMethod(Invoker.java:514)
	at org.testng.internal.Invoker.invokeConfigurations(Invoker.java:215)
	at org.testng.internal.Invoker.invokeMethod(Invoker.java:589)
	at org.testng.internal.Invoker.invokeTestMethod(Invoker.java:820)
	at org.testng.internal.Invoker.invokeTestMethods(Invoker.java:1128)
	at org.testng.internal.TestMethodWorker.invokeTestMethods(TestMethodWorker.java:129)
	at org.testng.internal.TestMethodWorker.run(TestMethodWorker.java:112)
	at org.testng.TestRunner.privateRun(TestRunner.java:782)
	at org.testng.TestRunner.run(TestRunner.java:632)
	at org.testng.SuiteRunner.runTest(SuiteRunner.java:366)
	at org.testng.SuiteRunner.runSequentially(SuiteRunner.java:361)
	at org.testng.SuiteRunner.privateRun(SuiteRunner.java:319)
	at org.testng.SuiteRunner.run(SuiteRunner.java:268)
	at org.testng.SuiteRunnerWorker.runSuite(SuiteRunnerWorker.java:52)
	at org.testng.SuiteRunnerWorker.run(SuiteRunnerWorker.java:86)
	at org.testng.TestNG.runSuitesSequentially(TestNG.java:1244)
	at org.testng.TestNG.runSuitesLocally(TestNG.java:1169)
	at org.testng.TestNG.run(TestNG.java:1064)
	at org.testng.remote.AbstractRemoteTestNG.run(AbstractRemoteTestNG.java:115)
	at org.testng.remote.RemoteTestNG.initAndRun(RemoteTestNG.java:251)
	at org.testng.remote.RemoteTestNG.main(RemoteTestNG.java:77)
]]>
            </full-stacktrace>
          </exception> <!-- org.openqa.selenium.WebDriverException -->
          <reporter-output>
          </reporter-output>
        </test-method> <!-- setUp -->
        <test-method status="SKIP" signature="verifyLoginScreen()[pri:0, instance:com.automation.tests.LoginTest@343f4d3d]" name="verifyLoginScreen" duration-ms="5" started-at="2020-09-05T23:18:34Z" finished-at="2020-09-05T23:18:34Z">
          <reporter-output>
          </reporter-output>
        </test-method> <!-- verifyLoginScreen -->
        <test-method status="SKIP" signature="cleanUp()[pri:0, instance:com.automation.tests.LoginTest@343f4d3d]" name="cleanUp" is-config="true" duration-ms="0" started-at="2020-09-05T23:18:34Z" finished-at="2020-09-05T23:18:34Z">
          <reporter-output>
          </reporter-output>
        </test-method> <!-- cleanUp -->
      </class> <!-- com.automation.tests.LoginTest -->
    </test> <!-- Default test -->
  </suite> <!-- Default suite -->
</testng-results>
